Build started 3/9/2014 8:53:16 PM.
     1>Project "C:\Users\Bruce\Documents\Visual Studio 2010\Projects\TM5_mathChallenge v1m\mathChallenge\mathChallenge\mathChallenge.vcxproj" on node 2 (build target(s)).
     1>InitializeBuildStatus:
         Creating "Debug\mathChallenge.unsuccessfulbuild" because "AlwaysCreate" was specified.
       ClCompile:
         C:\Program Files (x86)\Microsoft Visual Studio 10.0\VC\bin\CL.exe /c /ZI /nologo /W3 /WX- /Od /Oy- /D WIN32 /D _DEBUG /D _CONSOLE /D _UNICODE /D UNICODE /Gm /EHsc /RTC1 /MDd /GS /fp:precise /Zc:wchar_t /Zc:forScope /Fo"Debug\\" /Fd"Debug\vc100.pdb" /Gd /TP /analyze- /errorReport:prompt calcFunctions.cpp fileMgt.cpp mathAddSub.cpp mathChallenge.cpp mathMultDiv.cpp measurementConversion.cpp randNumbers.cpp
         randNumbers.cpp
     1>c:\users\bruce\documents\visual studio 2010\projects\tm5_mathchallenge v1m\mathchallenge\mathchallenge\randnumbers.cpp(18): warning C4244: 'argument' : conversion from 'time_t' to 'unsigned int', possible loss of data
     1>c:\users\bruce\documents\visual studio 2010\projects\tm5_mathchallenge v1m\mathchallenge\mathchallenge\randnumbers.cpp(26): warning C4244: 'argument' : conversion from 'time_t' to 'unsigned int', possible loss of data
     1>c:\users\bruce\documents\visual studio 2010\projects\tm5_mathchallenge v1m\mathchallenge\mathchallenge\randnumbers.cpp(34): warning C4244: 'argument' : conversion from 'time_t' to 'unsigned int', possible loss of data
         measurementConversion.cpp
         mathMultDiv.cpp
         mathChallenge.cpp
     1>c:\users\bruce\documents\visual studio 2010\projects\tm5_mathchallenge v1m\mathchallenge\mathchallenge\mathchallenge.cpp(168): warning C4996: 'strcpy': This function or variable may be unsafe. Consider using strcpy_s instead. To disable deprecation, use _CRT_SECURE_NO_WARNINGS. See online help for details.
                 c:\program files (x86)\microsoft visual studio 10.0\vc\include\string.h(105) : see declaration of 'strcpy'
     1>c:\users\bruce\documents\visual studio 2010\projects\tm5_mathchallenge v1m\mathchallenge\mathchallenge\mathchallenge.cpp(169): warning C4996: 'strcat': This function or variable may be unsafe. Consider using strcat_s instead. To disable deprecation, use _CRT_SECURE_NO_WARNINGS. See online help for details.
                 c:\program files (x86)\microsoft visual studio 10.0\vc\include\string.h(110) : see declaration of 'strcat'
         mathAddSub.cpp
         fileMgt.cpp
     1>c:\users\bruce\documents\visual studio 2010\projects\tm5_mathchallenge v1m\mathchallenge\mathchallenge\filemgt.cpp(58): warning C4996: 'strcpy': This function or variable may be unsafe. Consider using strcpy_s instead. To disable deprecation, use _CRT_SECURE_NO_WARNINGS. See online help for details.
                 c:\program files (x86)\microsoft visual studio 10.0\vc\include\string.h(105) : see declaration of 'strcpy'
     1>c:\users\bruce\documents\visual studio 2010\projects\tm5_mathchallenge v1m\mathchallenge\mathchallenge\filemgt.cpp(59): warning C4996: 'strcat': This function or variable may be unsafe. Consider using strcat_s instead. To disable deprecation, use _CRT_SECURE_NO_WARNINGS. See online help for details.
                 c:\program files (x86)\microsoft visual studio 10.0\vc\include\string.h(110) : see declaration of 'strcat'
         calcFunctions.cpp
     1>c:\users\bruce\documents\visual studio 2010\projects\tm5_mathchallenge v1m\mathchallenge\mathchallenge\calcfunctions.cpp(539): warning C4101: 'dWidth' : unreferenced local variable
     1>c:\users\bruce\documents\visual studio 2010\projects\tm5_mathchallenge v1m\mathchallenge\mathchallenge\calcfunctions.cpp(539): warning C4101: 'dResult' : unreferenced local variable
     1>c:\users\bruce\documents\visual studio 2010\projects\tm5_mathchallenge v1m\mathchallenge\mathchallenge\calcfunctions.cpp(580): warning C4101: 'dResult' : unreferenced local variable
         Generating Code...
       Link:
         C:\Program Files (x86)\Microsoft Visual Studio 10.0\VC\bin\link.exe /ERRORREPORT:PROMPT /OUT:"C:\Users\Bruce\Documents\Visual Studio 2010\Projects\TM5_mathChallenge v1m\mathChallenge\Debug\mathChallenge.exe" /INCREMENTAL:NO /NOLOGO kernel32.lib user32.lib gdi32.lib winspool.lib comdlg32.lib advapi32.lib shell32.lib ole32.lib oleaut32.lib uuid.lib odbc32.lib odbccp32.lib /MANIFEST /ManifestFile:"Debug\mathChallenge.exe.intermediate.manifest" /MANIFESTUAC:"level='asInvoker' uiAccess='false'" /DEBUG /PDB:"C:\Users\Bruce\Documents\Visual Studio 2010\Projects\TM5_mathChallenge v1m\mathChallenge\Debug\mathChallenge.pdb" /SUBSYSTEM:CONSOLE /TLBID:1 /DYNAMICBASE /NXCOMPAT /IMPLIB:"C:\Users\Bruce\Documents\Visual Studio 2010\Projects\TM5_mathChallenge v1m\mathChallenge\Debug\mathChallenge.lib" /MACHINE:X86 Debug\calcFunctions.obj
         Debug\fileMgt.obj
         Debug\mathAddSub.obj
         Debug\mathChallenge.obj
         Debug\mathMultDiv.obj
         Debug\measurementConversion.obj
         Debug\randNumbers.obj
     1>calcFunctions.obj : warning LNK4075: ignoring '/EDITANDCONTINUE' due to '/INCREMENTAL:NO' specification
         mathChallenge.vcxproj -> C:\Users\Bruce\Documents\Visual Studio 2010\Projects\TM5_mathChallenge v1m\mathChallenge\Debug\mathChallenge.exe
       Manifest:
         C:\Program Files (x86)\Microsoft SDKs\Windows\v7.0A\bin\mt.exe /nologo /verbose /outputresource:"C:\Users\Bruce\Documents\Visual Studio 2010\Projects\TM5_mathChallenge v1m\mathChallenge\Debug\mathChallenge.exe;#1" /manifest Debug\mathChallenge.exe.intermediate.manifest
       FinalizeBuildStatus:
         Deleting file "Debug\mathChallenge.unsuccessfulbuild".
         Touching "Debug\mathChallenge.lastbuildstate".
     1>Done Building Project "C:\Users\Bruce\Documents\Visual Studio 2010\Projects\TM5_mathChallenge v1m\mathChallenge\mathChallenge\mathChallenge.vcxproj" (build target(s)).

Build succeeded.

Time Elapsed 00:00:03.64
